Mount Etna
Wormelow Tump
Douarnenez
Ile Tristan
Dineault
Eildon Hills
Roxburghshire
Glastonbury Abbey
Richmond Castle
Carleon
Newport
London
Quimper
Carlisle
Cumberland
Carhaix
Cardigan
St David's
Stirling
Tintagel Castle
Winchester
Hampshire
Camelon
Cadbury Castle
Colchester
Essex
Campus Elleti
Caerwent
Camelford
Camaret
Brittany
France
Saltwell Park
Viroconium 
Shropshire
Chard
Graig-Llwyn 
Lisvane
Camlet Moat 
Trent Park
Slack
Huddersfield
Cambodunum
Elmet
Cadbury Camp
Roxburgh Castle
Chester Castle
Lannion
Avallon
Ile d'Aval
Isle of Arran
Glastonbury
Sicily